<?xml version="1.0" encoding="UTF-8"?>

<mule xmlns:ee="http://www.mulesoft.org/schema/mule/ee/core" xmlns:http="http://www.mulesoft.org/schema/mule/http"
	xmlns="http://www.mulesoft.org/schema/mule/core"
	xmlns:doc="http://www.mulesoft.org/schema/mule/documentation" xmlns:xsi="http://www.w3.org/2001/XMLSchema-instance" xsi:schemaLocation="http://www.mulesoft.org/schema/mule/core http://www.mulesoft.org/schema/mule/core/current/mule.xsd
http://www.mulesoft.org/schema/mule/http http://www.mulesoft.org/schema/mule/http/current/mule-http.xsd
http://www.mulesoft.org/schema/mule/ee/core http://www.mulesoft.org/schema/mule/ee/core/current/mule-ee.xsd">
	<http:listener-config name="HTTP_Listener_config" doc:name="HTTP Listener config" doc:id="c609ec22-1bde-4db6-9e97-af0977c17fd0" >
		<http:listener-connection host="0.0.0.0" port="8081" />
	</http:listener-config>
	<flow name="test-piplineFlow" doc:id="72a407df-3c6a-4ed2-8fa6-3ccb4b9146c5" >
		<http:listener doc:name="Listener" doc:id="ff336bac-030a-4825-b240-b838226419d8" config-ref="HTTP_Listener_config" path="/testApp"/>
		<ee:transform doc:name="Transform Message" doc:id="70bfe3d3-866f-4a5f-bd6d-acb16413fd5b" >
			<ee:message >
				<ee:set-payload ><![CDATA[%dw 2.0
output application/json
---
{
	"trasactionId" : correlationId,
	"timeStamp" : now()
}]]></ee:set-payload>
			</ee:message>
		</ee:transform>
	</flow>
</mule>
